# JRE version: 7.0_11-b21
# Java VM: Java HotSpot(TM) Client VM (23.6-b04 mixed mode windows-x86 )
Heap
 def new generation   total 24768K, used 2962K [0x102e0000, 0x11db0000, 0x122e0000)
  eden space 22080K,  11% used [0x102e0000, 0x10554c60, 0x11870000)
  from space 2688K,  16% used [0x11870000, 0x118dff48, 0x11b10000)
  to   space 2688K,   0% used [0x11b10000, 0x11b10000, 0x11db0000)
 tenured generation   total 82108K, used 78925K [0x122e0000, 0x1730f000, 0x182e0000)
   the space 82108K,  96% used [0x122e0000, 0x16ff3530, 0x16ff3600, 0x1730f000)
 compacting perm gen  total 37376K, used 37337K [0x182e0000, 0x1a760000, 0x1e2e0000)
   the space 37376K,  99% used [0x182e0000, 0x1a756460, 0x1a756600, 0x1a760000)
GC Heap History (10 events):
Event: 1429.634 GC heap before
{Heap before GC invocations=259 (full 2):
 def new generation   total 24768K, used 22198K [0x102e0000, 0x11db0000, 0x122e0000)
  eden space 22080K, 100% used [0x102e0000, 0x11870000, 0x11870000)
  from space 2688K,   4% used [0x11b10000, 0x11b2d848, 0x11db0000)
  to   space 2688K,   0% used [0x11870000, 0x11870000, 0x11b10000)
 tenured generation   total 82108K, used 78925K [0x122e0000, 0x1730f000, 0x182e0000)
   the space 82108K,  96% used [0x122e0000, 0x16ff3530, 0x16ff3600, 0x1730f000)
 compacting perm gen  total 37376K, used 37337K [0x182e0000, 0x1a760000, 0x1e2e0000)
   the space 37376K,  99% used [0x182e0000, 0x1a756460, 0x1a756600, 0x1a760000)
No shared spaces configured.
Event: 1429.637 GC heap after
Heap after GC invocations=260 (full 2):
 def new generation   total 24768K, used 296K [0x102e0000, 0x11db0000, 0x122e0000)
  eden space 22080K,   0% used [0x102e0000, 0x102e0000, 0x11870000)
  from space 2688K,  11% used [0x11870000, 0x118ba3c0, 0x11b10000)
  to   space 2688K,   0% used [0x11b10000, 0x11b10000, 0x11db0000)
 tenured generation   total 82108K, used 78925K [0x122e0000, 0x1730f000, 0x182e0000)
   the space 82108K,  96% used [0x122e0000, 0x16ff3530, 0x16ff3600, 0x1730f000)
 compacting perm gen  total 37376K, used 37337K [0x182e0000, 0x1a760000, 0x1e2e0000)
   the space 37376K,  99% used [0x182e0000, 0x1a756460, 0x1a756600, 0x1a760000)
No shared spaces configured.
}
Event: 1456.826 GC heap before
{Heap before GC invocations=260 (full 2):
 def new generation   total 24768K, used 22376K [0x102e0000, 0x11db0000, 0x122e0000)
  eden space 22080K, 100% used [0x102e0000, 0x11870000, 0x11870000)
  from space 2688K,  11% used [0x11870000, 0x118ba3c0, 0x11b10000)
  to   space 2688K,   0% used [0x11b10000, 0x11b10000, 0x11db0000)
 tenured generation   total 82108K, used 78925K [0x122e0000, 0x1730f000, 0x182e0000)
   the space 82108K,  96% used [0x122e0000, 0x16ff3530, 0x16ff3600, 0x1730f000)
 compacting perm gen  total 37376K, used 37337K [0x182e0000, 0x1a760000, 0x1e2e0000)
   the space 37376K,  99% used [0x182e0000, 0x1a756460, 0x1a756600, 0x1a760000)
No shared spaces configured.
Event: 1456.828 GC heap after
Heap after GC invocations=261 (full 2):
 def new generation   total 24768K, used 303K [0x102e0000, 0x11db0000, 0x122e0000)
  eden space 22080K,   0% used [0x102e0000, 0x102e0000, 0x11870000)
  from space 2688K,  11% used [0x11b10000, 0x11b5bf30, 0x11db0000)
  to   space 2688K,   0% used [0x11870000, 0x11870000, 0x11b10000)
 tenured generation   total 82108K, used 78925K [0x122e0000, 0x1730f000, 0x182e0000)
   the space 82108K,  96% used [0x122e0000, 0x16ff3530, 0x16ff3600, 0x1730f000)
 compacting perm gen  total 37376K, used 37337K [0x182e0000, 0x1a760000, 0x1e2e0000)
   the space 37376K,  99% used [0x182e0000, 0x1a756460, 0x1a756600, 0x1a760000)
No shared spaces configured.
}
Event: 1486.958 GC heap before
{Heap before GC invocations=261 (full 2):
 def new generation   total 24768K, used 22383K [0x102e0000, 0x11db0000, 0x122e0000)
  eden space 22080K, 100% used [0x102e0000, 0x11870000, 0x11870000)
  from space 2688K,  11% used [0x11b10000, 0x11b5bf30, 0x11db0000)
  to   space 2688K,   0% used [0x11870000, 0x11870000, 0x11b10000)
 tenured generation   total 82108K, used 78925K [0x122e0000, 0x1730f000, 0x182e0000)
   the space 82108K,  96% used [0x122e0000, 0x16ff3530, 0x16ff3600, 0x1730f000)
 compacting perm gen  total 37376K, used 37337K [0x182e0000, 0x1a760000, 0x1e2e0000)
   the space 37376K,  99% used [0x182e0000, 0x1a756460, 0x1a756600, 0x1a760000)
No shared spaces configured.
Event: 1486.961 GC heap after
Heap after GC invocations=262 (full 2):
 def new generation   total 24768K, used 298K [0x102e0000, 0x11db0000, 0x122e0000)
  eden space 22080K,   0% used [0x102e0000, 0x102e0000, 0x11870000)
  from space 2688K,  11% used [0x11870000, 0x118baa18, 0x11b10000)
  to   space 2688K,   0% used [0x11b10000, 0x11b10000, 0x11db0000)
 tenured generation   total 82108K, used 78925K [0x122e0000, 0x1730f000, 0x182e0000)
   the space 82108K,  96% used [0x122e0000, 0x16ff3530, 0x16ff3600, 0x1730f000)
 compacting perm gen  total 37376K, used 37337K [0x182e0000, 0x1a760000, 0x1e2e0000)
   the space 37376K,  99% used [0x182e0000, 0x1a756460, 0x1a756600, 0x1a760000)
No shared spaces configured.
}
Event: 1519.158 GC heap before
{Heap before GC invocations=262 (full 2):
 def new generation   total 24768K, used 22378K [0x102e0000, 0x11db0000, 0x122e0000)
  eden space 22080K, 100% used [0x102e0000, 0x11870000, 0x11870000)
  from space 2688K,  11% used [0x11870000, 0x118baa18, 0x11b10000)
  to   space 2688K,   0% used [0x11b10000, 0x11b10000, 0x11db0000)
 tenured generation   total 82108K, used 78925K [0x122e0000, 0x1730f000, 0x182e0000)
   the space 82108K,  96% used [0x122e0000, 0x16ff3530, 0x16ff3600, 0x1730f000)
 compacting perm gen  total 37376K, used 37337K [0x182e0000, 0x1a760000, 0x1e2e0000)
   the space 37376K,  99% used [0x182e0000, 0x1a756460, 0x1a756600, 0x1a760000)
No shared spaces configured.
Event: 1519.161 GC heap after
Heap after GC invocations=263 (full 2):
 def new generation   total 24768K, used 434K [0x102e0000, 0x11db0000, 0x122e0000)
  eden space 22080K,   0% used [0x102e0000, 0x102e0000, 0x11870000)
  from space 2688K,  16% used [0x11b10000, 0x11b7c820, 0x11db0000)
  to   space 2688K,   0% used [0x11870000, 0x11870000, 0x11b10000)
 tenured generation   total 82108K, used 78925K [0x122e0000, 0x1730f000, 0x182e0000)
   the space 82108K,  96% used [0x122e0000, 0x16ff3530, 0x16ff3600, 0x1730f000)
 compacting perm gen  total 37376K, used 37337K [0x182e0000, 0x1a760000, 0x1e2e0000)
   the space 37376K,  99% used [0x182e0000, 0x1a756460, 0x1a756600, 0x1a760000)
No shared spaces configured.
}
Event: 1524.669 GC heap before
{Heap before GC invocations=263 (full 2):
 def new generation   total 24768K, used 22514K [0x102e0000, 0x11db0000, 0x122e0000)
  eden space 22080K, 100% used [0x102e0000, 0x11870000, 0x11870000)
  from space 2688K,  16% used [0x11b10000, 0x11b7c820, 0x11db0000)
  to   space 2688K,   0% used [0x11870000, 0x11870000, 0x11b10000)
 tenured generation   total 82108K, used 78925K [0x122e0000, 0x1730f000, 0x182e0000)
   the space 82108K,  96% used [0x122e0000, 0x16ff3530, 0x16ff3600, 0x1730f000)
 compacting perm gen  total 37376K, used 37337K [0x182e0000, 0x1a760000, 0x1e2e0000)
   the space 37376K,  99% used [0x182e0000, 0x1a756460, 0x1a756600, 0x1a760000)
No shared spaces configured.
Event: 1524.672 GC heap after
Heap after GC invocations=264 (full 2):
 def new generation   total 24768K, used 447K [0x102e0000, 0x11db0000, 0x122e0000)
  eden space 22080K,   0% used [0x102e0000, 0x102e0000, 0x11870000)
  from space 2688K,  16% used [0x11870000, 0x118dff48, 0x11b10000)
  to   space 2688K,   0% used [0x11b10000, 0x11b10000, 0x11db0000)
 tenured generation   total 82108K, used 78925K [0x122e0000, 0x1730f000, 0x182e0000)
   the space 82108K,  96% used [0x122e0000, 0x16ff3530, 0x16ff3600, 0x1730f000)
 compacting perm gen  total 37376K, used 37337K [0x182e0000, 0x1a760000, 0x1e2e0000)
   the space 37376K,  99% used [0x182e0000, 0x1a756460, 0x1a756600, 0x1a760000)
No shared spaces configured.
}

