# JRE version: 7.0_11-b21
# Java VM: Java HotSpot(TM) Client VM (23.6-b04 mixed mode windows-x86 )
Heap
 def new generation   total 26048K, used 12935K [0x122e0000, 0x13f20000, 0x142e0000)
  eden space 23168K,  53% used [0x122e0000, 0x12f0ecb8, 0x13980000)
  from space 2880K,  15% used [0x13980000, 0x139f3270, 0x13c50000)
  to   space 2880K,   0% used [0x13c50000, 0x13c50000, 0x13f20000)
 tenured generation   total 86560K, used 49216K [0x142e0000, 0x19768000, 0x1a2e0000)
   the space 86560K,  56% used [0x142e0000, 0x172f0378, 0x172f0400, 0x19768000)
 compacting perm gen  total 36096K, used 36053K [0x1a2e0000, 0x1c620000, 0x202e0000)
   the space 36096K,  99% used [0x1a2e0000, 0x1c615688, 0x1c615800, 0x1c620000)
GC Heap History (10 events):
Event: 241.020 GC heap before
{Heap before GC invocations=154 (full 2):
 def new generation   total 26048K, used 24448K [0x122e0000, 0x13f20000, 0x142e0000)
  eden space 23168K, 100% used [0x122e0000, 0x13980000, 0x13980000)
  from space 2880K,  44% used [0x13c50000, 0x13d90130, 0x13f20000)
  to   space 2880K,   0% used [0x13980000, 0x13980000, 0x13c50000)
 tenured generation   total 86560K, used 48096K [0x142e0000, 0x19768000, 0x1a2e0000)
   the space 86560K,  55% used [0x142e0000, 0x171d8290, 0x171d8400, 0x19768000)
 compacting perm gen  total 36096K, used 35943K [0x1a2e0000, 0x1c620000, 0x202e0000)
   the space 36096K,  99% used [0x1a2e0000, 0x1c5f9c58, 0x1c5f9e00, 0x1c620000)
No shared spaces configured.
Event: 241.023 GC heap after
Heap after GC invocations=155 (full 2):
 def new generation   total 26048K, used 1282K [0x122e0000, 0x13f20000, 0x142e0000)
  eden space 23168K,   0% used [0x122e0000, 0x122e0000, 0x13980000)
  from space 2880K,  44% used [0x13980000, 0x13ac08c8, 0x13c50000)
  to   space 2880K,   0% used [0x13c50000, 0x13c50000, 0x13f20000)
 tenured generation   total 86560K, used 48096K [0x142e0000, 0x19768000, 0x1a2e0000)
   the space 86560K,  55% used [0x142e0000, 0x171d8290, 0x171d8400, 0x19768000)
 compacting perm gen  total 36096K, used 35943K [0x1a2e0000, 0x1c620000, 0x202e0000)
   the space 36096K,  99% used [0x1a2e0000, 0x1c5f9c58, 0x1c5f9e00, 0x1c620000)
No shared spaces configured.
}
Event: 271.043 GC heap before
{Heap before GC invocations=155 (full 2):
 def new generation   total 26048K, used 24450K [0x122e0000, 0x13f20000, 0x142e0000)
  eden space 23168K, 100% used [0x122e0000, 0x13980000, 0x13980000)
  from space 2880K,  44% used [0x13980000, 0x13ac08c8, 0x13c50000)
  to   space 2880K,   0% used [0x13c50000, 0x13c50000, 0x13f20000)
 tenured generation   total 86560K, used 48096K [0x142e0000, 0x19768000, 0x1a2e0000)
   the space 86560K,  55% used [0x142e0000, 0x171d8290, 0x171d8400, 0x19768000)
 compacting perm gen  total 36096K, used 35943K [0x1a2e0000, 0x1c620000, 0x202e0000)
   the space 36096K,  99% used [0x1a2e0000, 0x1c5f9c58, 0x1c5f9e00, 0x1c620000)
No shared spaces configured.
Event: 271.046 GC heap after
Heap after GC invocations=156 (full 2):
 def new generation   total 26048K, used 1281K [0x122e0000, 0x13f20000, 0x142e0000)
  eden space 23168K,   0% used [0x122e0000, 0x122e0000, 0x13980000)
  from space 2880K,  44% used [0x13c50000, 0x13d90588, 0x13f20000)
  to   space 2880K,   0% used [0x13980000, 0x13980000, 0x13c50000)
 tenured generation   total 86560K, used 48096K [0x142e0000, 0x19768000, 0x1a2e0000)
   the space 86560K,  55% used [0x142e0000, 0x171d8290, 0x171d8400, 0x19768000)
 compacting perm gen  total 36096K, used 35943K [0x1a2e0000, 0x1c620000, 0x202e0000)
   the space 36096K,  99% used [0x1a2e0000, 0x1c5f9c58, 0x1c5f9e00, 0x1c620000)
No shared spaces configured.
}
Event: 304.398 GC heap before
{Heap before GC invocations=156 (full 2):
 def new generation   total 26048K, used 24449K [0x122e0000, 0x13f20000, 0x142e0000)
  eden space 23168K, 100% used [0x122e0000, 0x13980000, 0x13980000)
  from space 2880K,  44% used [0x13c50000, 0x13d90588, 0x13f20000)
  to   space 2880K,   0% used [0x13980000, 0x13980000, 0x13c50000)
 tenured generation   total 86560K, used 48096K [0x142e0000, 0x19768000, 0x1a2e0000)
   the space 86560K,  55% used [0x142e0000, 0x171d8290, 0x171d8400, 0x19768000)
 compacting perm gen  total 36096K, used 35943K [0x1a2e0000, 0x1c620000, 0x202e0000)
   the space 36096K,  99% used [0x1a2e0000, 0x1c5f9c68, 0x1c5f9e00, 0x1c620000)
No shared spaces configured.
Event: 304.401 GC heap after
Heap after GC invocations=157 (full 2):
 def new generation   total 26048K, used 1242K [0x122e0000, 0x13f20000, 0x142e0000)
  eden space 23168K,   0% used [0x122e0000, 0x122e0000, 0x13980000)
  from space 2880K,  43% used [0x13980000, 0x13ab6af0, 0x13c50000)
  to   space 2880K,   0% used [0x13c50000, 0x13c50000, 0x13f20000)
 tenured generation   total 86560K, used 48096K [0x142e0000, 0x19768000, 0x1a2e0000)
   the space 86560K,  55% used [0x142e0000, 0x171d8290, 0x171d8400, 0x19768000)
 compacting perm gen  total 36096K, used 35943K [0x1a2e0000, 0x1c620000, 0x202e0000)
   the space 36096K,  99% used [0x1a2e0000, 0x1c5f9c68, 0x1c5f9e00, 0x1c620000)
No shared spaces configured.
}
Event: 327.290 GC heap before
{Heap before GC invocations=157 (full 2):
 def new generation   total 26048K, used 24410K [0x122e0000, 0x13f20000, 0x142e0000)
  eden space 23168K, 100% used [0x122e0000, 0x13980000, 0x13980000)
  from space 2880K,  43% used [0x13980000, 0x13ab6af0, 0x13c50000)
  to   space 2880K,   0% used [0x13c50000, 0x13c50000, 0x13f20000)
 tenured generation   total 86560K, used 48096K [0x142e0000, 0x19768000, 0x1a2e0000)
   the space 86560K,  55% used [0x142e0000, 0x171d8290, 0x171d8400, 0x19768000)
 compacting perm gen  total 36096K, used 36029K [0x1a2e0000, 0x1c620000, 0x202e0000)
   the space 36096K,  99% used [0x1a2e0000, 0x1c60f508, 0x1c60f600, 0x1c620000)
No shared spaces configured.
Event: 327.294 GC heap after
Heap after GC invocations=158 (full 2):
 def new generation   total 26048K, used 1637K [0x122e0000, 0x13f20000, 0x142e0000)
  eden space 23168K,   0% used [0x122e0000, 0x122e0000, 0x13980000)
  from space 2880K,  56% used [0x13c50000, 0x13de9440, 0x13f20000)
  to   space 2880K,   0% used [0x13980000, 0x13980000, 0x13c50000)
 tenured generation   total 86560K, used 48096K [0x142e0000, 0x19768000, 0x1a2e0000)
   the space 86560K,  55% used [0x142e0000, 0x171d8290, 0x171d8400, 0x19768000)
 compacting perm gen  total 36096K, used 36029K [0x1a2e0000, 0x1c620000, 0x202e0000)
   the space 36096K,  99% used [0x1a2e0000, 0x1c60f508, 0x1c60f600, 0x1c620000)
No shared spaces configured.
}
Event: 337.424 GC heap before
{Heap before GC invocations=158 (full 2):
 def new generation   total 26048K, used 24805K [0x122e0000, 0x13f20000, 0x142e0000)
  eden space 23168K, 100% used [0x122e0000, 0x13980000, 0x13980000)
  from space 2880K,  56% used [0x13c50000, 0x13de9440, 0x13f20000)
  to   space 2880K,   0% used [0x13980000, 0x13980000, 0x13c50000)
 tenured generation   total 86560K, used 48096K [0x142e0000, 0x19768000, 0x1a2e0000)
   the space 86560K,  55% used [0x142e0000, 0x171d8290, 0x171d8400, 0x19768000)
 compacting perm gen  total 36096K, used 36047K [0x1a2e0000, 0x1c620000, 0x202e0000)
   the space 36096K,  99% used [0x1a2e0000, 0x1c613ea0, 0x1c614000, 0x1c620000)
No shared spaces configured.
Event: 337.429 GC heap after
Heap after GC invocations=159 (full 2):
 def new generation   total 26048K, used 460K [0x122e0000, 0x13f20000, 0x142e0000)
  eden space 23168K,   0% used [0x122e0000, 0x122e0000, 0x13980000)
  from space 2880K,  15% used [0x13980000, 0x139f3270, 0x13c50000)
  to   space 2880K,   0% used [0x13c50000, 0x13c50000, 0x13f20000)
 tenured generation   total 86560K, used 49216K [0x142e0000, 0x19768000, 0x1a2e0000)
   the space 86560K,  56% used [0x142e0000, 0x172f0378, 0x172f0400, 0x19768000)
 compacting perm gen  total 36096K, used 36047K [0x1a2e0000, 0x1c620000, 0x202e0000)
   the space 36096K,  99% used [0x1a2e0000, 0x1c613ea0, 0x1c614000, 0x1c620000)
No shared spaces configured.
}

