# JRE version: 7.0_11-b21
# Java VM: Java HotSpot(TM) Client VM (23.6-b04 mixed mode windows-x86 )
Heap
 def new generation   total 27648K, used 12434K [0x102e0000, 0x120e0000, 0x122e0000)
  eden space 24576K,  42% used [0x102e0000, 0x10d11630, 0x11ae0000)
  from space 3072K,  64% used [0x11de0000, 0x11fd3298, 0x120e0000)
  to   space 3072K,   0% used [0x11ae0000, 0x11ae0000, 0x11de0000)
 tenured generation   total 91952K, used 75384K [0x122e0000, 0x17cac000, 0x182e0000)
   the space 91952K,  81% used [0x122e0000, 0x16c7e030, 0x16c7e200, 0x17cac000)
 compacting perm gen  total 37120K, used 36995K [0x182e0000, 0x1a720000, 0x1e2e0000)
   the space 37120K,  99% used [0x182e0000, 0x1a700e28, 0x1a701000, 0x1a720000)
GC Heap History (10 events):
Event: 432.198 GC heap before
{Heap before GC invocations=185 (full 2):
 def new generation   total 27648K, used 25456K [0x102e0000, 0x120e0000, 0x122e0000)
  eden space 24576K, 100% used [0x102e0000, 0x11ae0000, 0x11ae0000)
  from space 3072K,  28% used [0x11ae0000, 0x11bbc240, 0x11de0000)
  to   space 3072K,   0% used [0x11de0000, 0x11de0000, 0x120e0000)
 tenured generation   total 91952K, used 75384K [0x122e0000, 0x17cac000, 0x182e0000)
   the space 91952K,  81% used [0x122e0000, 0x16c7e030, 0x16c7e200, 0x17cac000)
 compacting perm gen  total 37120K, used 36962K [0x182e0000, 0x1a720000, 0x1e2e0000)
   the space 37120K,  99% used [0x182e0000, 0x1a6f8ad8, 0x1a6f8c00, 0x1a720000)
No shared spaces configured.
Event: 432.202 GC heap after
Heap after GC invocations=186 (full 2):
 def new generation   total 27648K, used 591K [0x102e0000, 0x120e0000, 0x122e0000)
  eden space 24576K,   0% used [0x102e0000, 0x102e0000, 0x11ae0000)
  from space 3072K,  19% used [0x11de0000, 0x11e73c08, 0x120e0000)
  to   space 3072K,   0% used [0x11ae0000, 0x11ae0000, 0x11de0000)
 tenured generation   total 91952K, used 75384K [0x122e0000, 0x17cac000, 0x182e0000)
   the space 91952K,  81% used [0x122e0000, 0x16c7e030, 0x16c7e200, 0x17cac000)
 compacting perm gen  total 37120K, used 36962K [0x182e0000, 0x1a720000, 0x1e2e0000)
   the space 37120K,  99% used [0x182e0000, 0x1a6f8ad8, 0x1a6f8c00, 0x1a720000)
No shared spaces configured.
}
Event: 458.296 GC heap before
{Heap before GC invocations=186 (full 2):
 def new generation   total 27648K, used 25167K [0x102e0000, 0x120e0000, 0x122e0000)
  eden space 24576K, 100% used [0x102e0000, 0x11ae0000, 0x11ae0000)
  from space 3072K,  19% used [0x11de0000, 0x11e73c08, 0x120e0000)
  to   space 3072K,   0% used [0x11ae0000, 0x11ae0000, 0x11de0000)
 tenured generation   total 91952K, used 75384K [0x122e0000, 0x17cac000, 0x182e0000)
   the space 91952K,  81% used [0x122e0000, 0x16c7e030, 0x16c7e200, 0x17cac000)
 compacting perm gen  total 37120K, used 36962K [0x182e0000, 0x1a720000, 0x1e2e0000)
   the space 37120K,  99% used [0x182e0000, 0x1a6f8ad8, 0x1a6f8c00, 0x1a720000)
No shared spaces configured.
Event: 458.301 GC heap after
Heap after GC invocations=187 (full 2):
 def new generation   total 27648K, used 774K [0x102e0000, 0x120e0000, 0x122e0000)
  eden space 24576K,   0% used [0x102e0000, 0x102e0000, 0x11ae0000)
  from space 3072K,  25% used [0x11ae0000, 0x11ba1be8, 0x11de0000)
  to   space 3072K,   0% used [0x11de0000, 0x11de0000, 0x120e0000)
 tenured generation   total 91952K, used 75384K [0x122e0000, 0x17cac000, 0x182e0000)
   the space 91952K,  81% used [0x122e0000, 0x16c7e030, 0x16c7e200, 0x17cac000)
 compacting perm gen  total 37120K, used 36962K [0x182e0000, 0x1a720000, 0x1e2e0000)
   the space 37120K,  99% used [0x182e0000, 0x1a6f8ad8, 0x1a6f8c00, 0x1a720000)
No shared spaces configured.
}
Event: 465.644 GC heap before
{Heap before GC invocations=187 (full 2):
 def new generation   total 27648K, used 25350K [0x102e0000, 0x120e0000, 0x122e0000)
  eden space 24576K, 100% used [0x102e0000, 0x11ae0000, 0x11ae0000)
  from space 3072K,  25% used [0x11ae0000, 0x11ba1be8, 0x11de0000)
  to   space 3072K,   0% used [0x11de0000, 0x11de0000, 0x120e0000)
 tenured generation   total 91952K, used 75384K [0x122e0000, 0x17cac000, 0x182e0000)
   the space 91952K,  81% used [0x122e0000, 0x16c7e030, 0x16c7e200, 0x17cac000)
 compacting perm gen  total 37120K, used 36962K [0x182e0000, 0x1a720000, 0x1e2e0000)
   the space 37120K,  99% used [0x182e0000, 0x1a6f8b58, 0x1a6f8c00, 0x1a720000)
No shared spaces configured.
Event: 465.649 GC heap after
Heap after GC invocations=188 (full 2):
 def new generation   total 27648K, used 952K [0x102e0000, 0x120e0000, 0x122e0000)
  eden space 24576K,   0% used [0x102e0000, 0x102e0000, 0x11ae0000)
  from space 3072K,  31% used [0x11de0000, 0x11ece3d8, 0x120e0000)
  to   space 3072K,   0% used [0x11ae0000, 0x11ae0000, 0x11de0000)
 tenured generation   total 91952K, used 75384K [0x122e0000, 0x17cac000, 0x182e0000)
   the space 91952K,  81% used [0x122e0000, 0x16c7e030, 0x16c7e200, 0x17cac000)
 compacting perm gen  total 37120K, used 36962K [0x182e0000, 0x1a720000, 0x1e2e0000)
   the space 37120K,  99% used [0x182e0000, 0x1a6f8b58, 0x1a6f8c00, 0x1a720000)
No shared spaces configured.
}
Event: 467.741 GC heap before
{Heap before GC invocations=188 (full 2):
 def new generation   total 27648K, used 25528K [0x102e0000, 0x120e0000, 0x122e0000)
  eden space 24576K, 100% used [0x102e0000, 0x11ae0000, 0x11ae0000)
  from space 3072K,  31% used [0x11de0000, 0x11ece3d8, 0x120e0000)
  to   space 3072K,   0% used [0x11ae0000, 0x11ae0000, 0x11de0000)
 tenured generation   total 91952K, used 75384K [0x122e0000, 0x17cac000, 0x182e0000)
   the space 91952K,  81% used [0x122e0000, 0x16c7e030, 0x16c7e200, 0x17cac000)
 compacting perm gen  total 37120K, used 36985K [0x182e0000, 0x1a720000, 0x1e2e0000)
   the space 37120K,  99% used [0x182e0000, 0x1a6fe770, 0x1a6fe800, 0x1a720000)
No shared spaces configured.
Event: 467.745 GC heap after
Heap after GC invocations=189 (full 2):
 def new generation   total 27648K, used 887K [0x102e0000, 0x120e0000, 0x122e0000)
  eden space 24576K,   0% used [0x102e0000, 0x102e0000, 0x11ae0000)
  from space 3072K,  28% used [0x11ae0000, 0x11bbdf00, 0x11de0000)
  to   space 3072K,   0% used [0x11de0000, 0x11de0000, 0x120e0000)
 tenured generation   total 91952K, used 75384K [0x122e0000, 0x17cac000, 0x182e0000)
   the space 91952K,  81% used [0x122e0000, 0x16c7e030, 0x16c7e200, 0x17cac000)
 compacting perm gen  total 37120K, used 36985K [0x182e0000, 0x1a720000, 0x1e2e0000)
   the space 37120K,  99% used [0x182e0000, 0x1a6fe770, 0x1a6fe800, 0x1a720000)
No shared spaces configured.
}
Event: 468.101 GC heap before
{Heap before GC invocations=189 (full 2):
 def new generation   total 27648K, used 25463K [0x102e0000, 0x120e0000, 0x122e0000)
  eden space 24576K, 100% used [0x102e0000, 0x11ae0000, 0x11ae0000)
  from space 3072K,  28% used [0x11ae0000, 0x11bbdf00, 0x11de0000)
  to   space 3072K,   0% used [0x11de0000, 0x11de0000, 0x120e0000)
 tenured generation   total 91952K, used 75384K [0x122e0000, 0x17cac000, 0x182e0000)
   the space 91952K,  81% used [0x122e0000, 0x16c7e030, 0x16c7e200, 0x17cac000)
 compacting perm gen  total 37120K, used 36994K [0x182e0000, 0x1a720000, 0x1e2e0000)
   the space 37120K,  99% used [0x182e0000, 0x1a700990, 0x1a700a00, 0x1a720000)
No shared spaces configured.
Event: 468.109 GC heap after
Heap after GC invocations=190 (full 2):
 def new generation   total 27648K, used 1996K [0x102e0000, 0x120e0000, 0x122e0000)
  eden space 24576K,   0% used [0x102e0000, 0x102e0000, 0x11ae0000)
  from space 3072K,  64% used [0x11de0000, 0x11fd3298, 0x120e0000)
  to   space 3072K,   0% used [0x11ae0000, 0x11ae0000, 0x11de0000)
 tenured generation   total 91952K, used 75384K [0x122e0000, 0x17cac000, 0x182e0000)
   the space 91952K,  81% used [0x122e0000, 0x16c7e030, 0x16c7e200, 0x17cac000)
 compacting perm gen  total 37120K, used 36994K [0x182e0000, 0x1a720000, 0x1e2e0000)
   the space 37120K,  99% used [0x182e0000, 0x1a700990, 0x1a700a00, 0x1a720000)
No shared spaces configured.
}

