# JRE version: 7.0_11-b21
# Java VM: Java HotSpot(TM) Client VM (23.6-b04 mixed mode windows-x86 )
Heap
 def new generation   total 24768K, used 4485K [0x102e0000, 0x11dc0000, 0x122e0000)
  eden space 22016K,  19% used [0x102e0000, 0x1071b318, 0x11860000)
  from space 2752K,   5% used [0x11b10000, 0x11b36430, 0x11dc0000)
  to   space 2752K,   0% used [0x11860000, 0x11860000, 0x11b10000)
 tenured generation   total 82424K, used 57305K [0x122e0000, 0x1735e000, 0x182e0000)
   the space 82424K,  69% used [0x122e0000, 0x15ad65e0, 0x15ad6600, 0x1735e000)
 compacting perm gen  total 36608K, used 36513K [0x182e0000, 0x1a6a0000, 0x1e2e0000)
   the space 36608K,  99% used [0x182e0000, 0x1a6887a8, 0x1a688800, 0x1a6a0000)
GC Heap History (10 events):
Event: 3154.996 GC heap before
{Heap before GC invocations=219 (full 2):
 def new generation   total 24768K, used 22046K [0x102e0000, 0x11dc0000, 0x122e0000)
  eden space 22016K, 100% used [0x102e0000, 0x11860000, 0x11860000)
  from space 2752K,   1% used [0x11860000, 0x11867960, 0x11b10000)
  to   space 2752K,   0% used [0x11b10000, 0x11b10000, 0x11dc0000)
 tenured generation   total 82424K, used 57305K [0x122e0000, 0x1735e000, 0x182e0000)
   the space 82424K,  69% used [0x122e0000, 0x15ad6588, 0x15ad6600, 0x1735e000)
 compacting perm gen  total 36608K, used 36513K [0x182e0000, 0x1a6a0000, 0x1e2e0000)
   the space 36608K,  99% used [0x182e0000, 0x1a688778, 0x1a688800, 0x1a6a0000)
No shared spaces configured.
Event: 3154.998 GC heap after
Heap after GC invocations=220 (full 2):
 def new generation   total 24768K, used 38K [0x102e0000, 0x11dc0000, 0x122e0000)
  eden space 22016K,   0% used [0x102e0000, 0x102e0000, 0x11860000)
  from space 2752K,   1% used [0x11b10000, 0x11b19888, 0x11dc0000)
  to   space 2752K,   0% used [0x11860000, 0x11860000, 0x11b10000)
 tenured generation   total 82424K, used 57305K [0x122e0000, 0x1735e000, 0x182e0000)
   the space 82424K,  69% used [0x122e0000, 0x15ad6588, 0x15ad6600, 0x1735e000)
 compacting perm gen  total 36608K, used 36513K [0x182e0000, 0x1a6a0000, 0x1e2e0000)
   the space 36608K,  99% used [0x182e0000, 0x1a688778, 0x1a688800, 0x1a6a0000)
No shared spaces configured.
}
Event: 3271.994 GC heap before
{Heap before GC invocations=220 (full 2):
 def new generation   total 24768K, used 22054K [0x102e0000, 0x11dc0000, 0x122e0000)
  eden space 22016K, 100% used [0x102e0000, 0x11860000, 0x11860000)
  from space 2752K,   1% used [0x11b10000, 0x11b19888, 0x11dc0000)
  to   space 2752K,   0% used [0x11860000, 0x11860000, 0x11b10000)
 tenured generation   total 82424K, used 57305K [0x122e0000, 0x1735e000, 0x182e0000)
   the space 82424K,  69% used [0x122e0000, 0x15ad6588, 0x15ad6600, 0x1735e000)
 compacting perm gen  total 36608K, used 36513K [0x182e0000, 0x1a6a0000, 0x1e2e0000)
   the space 36608K,  99% used [0x182e0000, 0x1a688778, 0x1a688800, 0x1a6a0000)
No shared spaces configured.
Event: 3271.996 GC heap after
Heap after GC invocations=221 (full 2):
 def new generation   total 24768K, used 46K [0x102e0000, 0x11dc0000, 0x122e0000)
  eden space 22016K,   0% used [0x102e0000, 0x102e0000, 0x11860000)
  from space 2752K,   1% used [0x11860000, 0x1186b818, 0x11b10000)
  to   space 2752K,   0% used [0x11b10000, 0x11b10000, 0x11dc0000)
 tenured generation   total 82424K, used 57305K [0x122e0000, 0x1735e000, 0x182e0000)
   the space 82424K,  69% used [0x122e0000, 0x15ad6588, 0x15ad6600, 0x1735e000)
 compacting perm gen  total 36608K, used 36513K [0x182e0000, 0x1a6a0000, 0x1e2e0000)
   the space 36608K,  99% used [0x182e0000, 0x1a688778, 0x1a688800, 0x1a6a0000)
No shared spaces configured.
}
Event: 3386.101 GC heap before
{Heap before GC invocations=221 (full 2):
 def new generation   total 24768K, used 22062K [0x102e0000, 0x11dc0000, 0x122e0000)
  eden space 22016K, 100% used [0x102e0000, 0x11860000, 0x11860000)
  from space 2752K,   1% used [0x11860000, 0x1186b818, 0x11b10000)
  to   space 2752K,   0% used [0x11b10000, 0x11b10000, 0x11dc0000)
 tenured generation   total 82424K, used 57305K [0x122e0000, 0x1735e000, 0x182e0000)
   the space 82424K,  69% used [0x122e0000, 0x15ad6588, 0x15ad6600, 0x1735e000)
 compacting perm gen  total 36608K, used 36513K [0x182e0000, 0x1a6a0000, 0x1e2e0000)
   the space 36608K,  99% used [0x182e0000, 0x1a688778, 0x1a688800, 0x1a6a0000)
No shared spaces configured.
Event: 3386.103 GC heap after
Heap after GC invocations=222 (full 2):
 def new generation   total 24768K, used 30K [0x102e0000, 0x11dc0000, 0x122e0000)
  eden space 22016K,   0% used [0x102e0000, 0x102e0000, 0x11860000)
  from space 2752K,   1% used [0x11b10000, 0x11b17960, 0x11dc0000)
  to   space 2752K,   0% used [0x11860000, 0x11860000, 0x11b10000)
 tenured generation   total 82424K, used 57305K [0x122e0000, 0x1735e000, 0x182e0000)
   the space 82424K,  69% used [0x122e0000, 0x15ad6588, 0x15ad6600, 0x1735e000)
 compacting perm gen  total 36608K, used 36513K [0x182e0000, 0x1a6a0000, 0x1e2e0000)
   the space 36608K,  99% used [0x182e0000, 0x1a688778, 0x1a688800, 0x1a6a0000)
No shared spaces configured.
}
Event: 3468.195 GC heap before
{Heap before GC invocations=222 (full 2):
 def new generation   total 24768K, used 22046K [0x102e0000, 0x11dc0000, 0x122e0000)
  eden space 22016K, 100% used [0x102e0000, 0x11860000, 0x11860000)
  from space 2752K,   1% used [0x11b10000, 0x11b17960, 0x11dc0000)
  to   space 2752K,   0% used [0x11860000, 0x11860000, 0x11b10000)
 tenured generation   total 82424K, used 57305K [0x122e0000, 0x1735e000, 0x182e0000)
   the space 82424K,  69% used [0x122e0000, 0x15ad6588, 0x15ad6600, 0x1735e000)
 compacting perm gen  total 36608K, used 36513K [0x182e0000, 0x1a6a0000, 0x1e2e0000)
   the space 36608K,  99% used [0x182e0000, 0x1a688778, 0x1a688800, 0x1a6a0000)
No shared spaces configured.
Event: 3468.198 GC heap after
Heap after GC invocations=223 (full 2):
 def new generation   total 24768K, used 389K [0x102e0000, 0x11dc0000, 0x122e0000)
  eden space 22016K,   0% used [0x102e0000, 0x102e0000, 0x11860000)
  from space 2752K,  14% used [0x11860000, 0x118c17e8, 0x11b10000)
  to   space 2752K,   0% used [0x11b10000, 0x11b10000, 0x11dc0000)
 tenured generation   total 82424K, used 57305K [0x122e0000, 0x1735e000, 0x182e0000)
   the space 82424K,  69% used [0x122e0000, 0x15ad65e0, 0x15ad6600, 0x1735e000)
 compacting perm gen  total 36608K, used 36513K [0x182e0000, 0x1a6a0000, 0x1e2e0000)
   the space 36608K,  99% used [0x182e0000, 0x1a688778, 0x1a688800, 0x1a6a0000)
No shared spaces configured.
}
Event: 3479.097 GC heap before
{Heap before GC invocations=223 (full 2):
 def new generation   total 24768K, used 22405K [0x102e0000, 0x11dc0000, 0x122e0000)
  eden space 22016K, 100% used [0x102e0000, 0x11860000, 0x11860000)
  from space 2752K,  14% used [0x11860000, 0x118c17e8, 0x11b10000)
  to   space 2752K,   0% used [0x11b10000, 0x11b10000, 0x11dc0000)
 tenured generation   total 82424K, used 57305K [0x122e0000, 0x1735e000, 0x182e0000)
   the space 82424K,  69% used [0x122e0000, 0x15ad65e0, 0x15ad6600, 0x1735e000)
 compacting perm gen  total 36608K, used 36513K [0x182e0000, 0x1a6a0000, 0x1e2e0000)
   the space 36608K,  99% used [0x182e0000, 0x1a6887a8, 0x1a688800, 0x1a6a0000)
No shared spaces configured.
Event: 3479.100 GC heap after
Heap after GC invocations=224 (full 2):
 def new generation   total 24768K, used 153K [0x102e0000, 0x11dc0000, 0x122e0000)
  eden space 22016K,   0% used [0x102e0000, 0x102e0000, 0x11860000)
  from space 2752K,   5% used [0x11b10000, 0x11b36430, 0x11dc0000)
  to   space 2752K,   0% used [0x11860000, 0x11860000, 0x11b10000)
 tenured generation   total 82424K, used 57305K [0x122e0000, 0x1735e000, 0x182e0000)
   the space 82424K,  69% used [0x122e0000, 0x15ad65e0, 0x15ad6600, 0x1735e000)
 compacting perm gen  total 36608K, used 36513K [0x182e0000, 0x1a6a0000, 0x1e2e0000)
   the space 36608K,  99% used [0x182e0000, 0x1a6887a8, 0x1a688800, 0x1a6a0000)
No shared spaces configured.
}

