# JRE version: 7.0_11-b21
# Java VM: Java HotSpot(TM) Client VM (23.6-b04 mixed mode windows-x86 )
Heap
 def new generation   total 27968K, used 4139K [0x102e0000, 0x12130000, 0x122e0000)
  eden space 24896K,  10% used [0x102e0000, 0x105617c0, 0x11b30000)
  from space 3072K,  51% used [0x11e30000, 0x11fb9628, 0x12130000)
  to   space 3072K,   0% used [0x11b30000, 0x11b30000, 0x11e30000)
 tenured generation   total 92980K, used 82385K [0x122e0000, 0x17dad000, 0x182e0000)
   the space 92980K,  88% used [0x122e0000, 0x173547b8, 0x17354800, 0x17dad000)
 compacting perm gen  total 36864K, used 36698K [0x182e0000, 0x1a6e0000, 0x1e2e0000)
   the space 36864K,  99% used [0x182e0000, 0x1a6b68d0, 0x1a6b6a00, 0x1a6e0000)
GC Heap History (10 events):
Event: 82631.938 GC heap before
{Heap before GC invocations=939 (full 6):
 def new generation   total 27968K, used 24939K [0x102e0000, 0x12130000, 0x122e0000)
  eden space 24896K, 100% used [0x102e0000, 0x11b30000, 0x11b30000)
  from space 3072K,   1% used [0x11b30000, 0x11b3ac20, 0x11e30000)
  to   space 3072K,   0% used [0x11e30000, 0x11e30000, 0x12130000)
 tenured generation   total 92980K, used 82385K [0x122e0000, 0x17dad000, 0x182e0000)
   the space 92980K,  88% used [0x122e0000, 0x173547b8, 0x17354800, 0x17dad000)
 compacting perm gen  total 36608K, used 36577K [0x182e0000, 0x1a6a0000, 0x1e2e0000)
   the space 36608K,  99% used [0x182e0000, 0x1a6985b0, 0x1a698600, 0x1a6a0000)
No shared spaces configured.
Event: 82631.940 GC heap after
Heap after GC invocations=940 (full 6):
 def new generation   total 27968K, used 25K [0x102e0000, 0x12130000, 0x122e0000)
  eden space 24896K,   0% used [0x102e0000, 0x102e0000, 0x11b30000)
  from space 3072K,   0% used [0x11e30000, 0x11e36428, 0x12130000)
  to   space 3072K,   0% used [0x11b30000, 0x11b30000, 0x11e30000)
 tenured generation   total 92980K, used 82385K [0x122e0000, 0x17dad000, 0x182e0000)
   the space 92980K,  88% used [0x122e0000, 0x173547b8, 0x17354800, 0x17dad000)
 compacting perm gen  total 36608K, used 36577K [0x182e0000, 0x1a6a0000, 0x1e2e0000)
   the space 36608K,  99% used [0x182e0000, 0x1a6985b0, 0x1a698600, 0x1a6a0000)
No shared spaces configured.
}
Event: 82724.661 GC heap before
{Heap before GC invocations=940 (full 6):
 def new generation   total 27968K, used 24921K [0x102e0000, 0x12130000, 0x122e0000)
  eden space 24896K, 100% used [0x102e0000, 0x11b30000, 0x11b30000)
  from space 3072K,   0% used [0x11e30000, 0x11e36428, 0x12130000)
  to   space 3072K,   0% used [0x11b30000, 0x11b30000, 0x11e30000)
 tenured generation   total 92980K, used 82385K [0x122e0000, 0x17dad000, 0x182e0000)
   the space 92980K,  88% used [0x122e0000, 0x173547b8, 0x17354800, 0x17dad000)
 compacting perm gen  total 36864K, used 36665K [0x182e0000, 0x1a6e0000, 0x1e2e0000)
   the space 36864K,  99% used [0x182e0000, 0x1a6ae4e8, 0x1a6ae600, 0x1a6e0000)
No shared spaces configured.
Event: 82724.724 GC heap after
Heap after GC invocations=941 (full 6):
 def new generation   total 27968K, used 205K [0x102e0000, 0x12130000, 0x122e0000)
  eden space 24896K,   0% used [0x102e0000, 0x102e0000, 0x11b30000)
  from space 3072K,   6% used [0x11b30000, 0x11b63708, 0x11e30000)
  to   space 3072K,   0% used [0x11e30000, 0x11e30000, 0x12130000)
 tenured generation   total 92980K, used 82385K [0x122e0000, 0x17dad000, 0x182e0000)
   the space 92980K,  88% used [0x122e0000, 0x173547b8, 0x17354800, 0x17dad000)
 compacting perm gen  total 36864K, used 36665K [0x182e0000, 0x1a6e0000, 0x1e2e0000)
   the space 36864K,  99% used [0x182e0000, 0x1a6ae4e8, 0x1a6ae600, 0x1a6e0000)
No shared spaces configured.
}
Event: 82735.529 GC heap before
{Heap before GC invocations=941 (full 6):
 def new generation   total 27968K, used 25061K [0x102e0000, 0x12130000, 0x122e0000)
  eden space 24896K,  99% used [0x102e0000, 0x11b25fc0, 0x11b30000)
  from space 3072K,   6% used [0x11b30000, 0x11b63708, 0x11e30000)
  to   space 3072K,   0% used [0x11e30000, 0x11e30000, 0x12130000)
 tenured generation   total 92980K, used 82385K [0x122e0000, 0x17dad000, 0x182e0000)
   the space 92980K,  88% used [0x122e0000, 0x173547b8, 0x17354800, 0x17dad000)
 compacting perm gen  total 36864K, used 36696K [0x182e0000, 0x1a6e0000, 0x1e2e0000)
   the space 36864K,  99% used [0x182e0000, 0x1a6b60d8, 0x1a6b6200, 0x1a6e0000)
No shared spaces configured.
Event: 82735.605 GC heap after
Heap after GC invocations=942 (full 6):
 def new generation   total 27968K, used 362K [0x102e0000, 0x12130000, 0x122e0000)
  eden space 24896K,   0% used [0x102e0000, 0x102e0000, 0x11b30000)
  from space 3072K,  11% used [0x11e30000, 0x11e8abf8, 0x12130000)
  to   space 3072K,   0% used [0x11b30000, 0x11b30000, 0x11e30000)
 tenured generation   total 92980K, used 82385K [0x122e0000, 0x17dad000, 0x182e0000)
   the space 92980K,  88% used [0x122e0000, 0x173547b8, 0x17354800, 0x17dad000)
 compacting perm gen  total 36864K, used 36696K [0x182e0000, 0x1a6e0000, 0x1e2e0000)
   the space 36864K,  99% used [0x182e0000, 0x1a6b60d8, 0x1a6b6200, 0x1a6e0000)
No shared spaces configured.
}
Event: 82741.181 GC heap before
{Heap before GC invocations=942 (full 6):
 def new generation   total 27968K, used 25258K [0x102e0000, 0x12130000, 0x122e0000)
  eden space 24896K, 100% used [0x102e0000, 0x11b30000, 0x11b30000)
  from space 3072K,  11% used [0x11e30000, 0x11e8abf8, 0x12130000)
  to   space 3072K,   0% used [0x11b30000, 0x11b30000, 0x11e30000)
 tenured generation   total 92980K, used 82385K [0x122e0000, 0x17dad000, 0x182e0000)
   the space 92980K,  88% used [0x122e0000, 0x173547b8, 0x17354800, 0x17dad000)
 compacting perm gen  total 36864K, used 36696K [0x182e0000, 0x1a6e0000, 0x1e2e0000)
   the space 36864K,  99% used [0x182e0000, 0x1a6b6128, 0x1a6b6200, 0x1a6e0000)
No shared spaces configured.
Event: 82741.289 GC heap after
Heap after GC invocations=943 (full 6):
 def new generation   total 27968K, used 728K [0x102e0000, 0x12130000, 0x122e0000)
  eden space 24896K,   0% used [0x102e0000, 0x102e0000, 0x11b30000)
  from space 3072K,  23% used [0x11b30000, 0x11be6120, 0x11e30000)
  to   space 3072K,   0% used [0x11e30000, 0x11e30000, 0x12130000)
 tenured generation   total 92980K, used 82385K [0x122e0000, 0x17dad000, 0x182e0000)
   the space 92980K,  88% used [0x122e0000, 0x173547b8, 0x17354800, 0x17dad000)
 compacting perm gen  total 36864K, used 36696K [0x182e0000, 0x1a6e0000, 0x1e2e0000)
   the space 36864K,  99% used [0x182e0000, 0x1a6b6128, 0x1a6b6200, 0x1a6e0000)
No shared spaces configured.
}
Event: 82742.401 GC heap before
{Heap before GC invocations=943 (full 6):
 def new generation   total 27968K, used 25624K [0x102e0000, 0x12130000, 0x122e0000)
  eden space 24896K, 100% used [0x102e0000, 0x11b30000, 0x11b30000)
  from space 3072K,  23% used [0x11b30000, 0x11be6120, 0x11e30000)
  to   space 3072K,   0% used [0x11e30000, 0x11e30000, 0x12130000)
 tenured generation   total 92980K, used 82385K [0x122e0000, 0x17dad000, 0x182e0000)
   the space 92980K,  88% used [0x122e0000, 0x173547b8, 0x17354800, 0x17dad000)
 compacting perm gen  total 36864K, used 36698K [0x182e0000, 0x1a6e0000, 0x1e2e0000)
   the space 36864K,  99% used [0x182e0000, 0x1a6b68d0, 0x1a6b6a00, 0x1a6e0000)
No shared spaces configured.
Event: 82742.429 GC heap after
Heap after GC invocations=944 (full 6):
 def new generation   total 27968K, used 1573K [0x102e0000, 0x12130000, 0x122e0000)
  eden space 24896K,   0% used [0x102e0000, 0x102e0000, 0x11b30000)
  from space 3072K,  51% used [0x11e30000, 0x11fb9628, 0x12130000)
  to   space 3072K,   0% used [0x11b30000, 0x11b30000, 0x11e30000)
 tenured generation   total 92980K, used 82385K [0x122e0000, 0x17dad000, 0x182e0000)
   the space 92980K,  88% used [0x122e0000, 0x173547b8, 0x17354800, 0x17dad000)
 compacting perm gen  total 36864K, used 36698K [0x182e0000, 0x1a6e0000, 0x1e2e0000)
   the space 36864K,  99% used [0x182e0000, 0x1a6b68d0, 0x1a6b6a00, 0x1a6e0000)
No shared spaces configured.
}

