# JRE version: 7.0_11-b21
# Java VM: Java HotSpot(TM) Client VM (23.6-b04 mixed mode windows-x86 )
Heap
 def new generation   total 29504K, used 26365K [0x102e0000, 0x122e0000, 0x122e0000)
  eden space 26240K,  98% used [0x102e0000, 0x11c19970, 0x11c80000)
  from space 3264K,  16% used [0x11c80000, 0x11d05b40, 0x11fb0000)
  to   space 3264K,   0% used [0x11fb0000, 0x11fb0000, 0x122e0000)
 tenured generation   total 98304K, used 70234K [0x122e0000, 0x182e0000, 0x182e0000)
   the space 98304K,  71% used [0x122e0000, 0x16776b00, 0x16776c00, 0x182e0000)
 compacting perm gen  total 37888K, used 37752K [0x182e0000, 0x1a7e0000, 0x1e2e0000)
   the space 37888K,  99% used [0x182e0000, 0x1a7be260, 0x1a7be400, 0x1a7e0000)
GC Heap History (10 events):
Event: 3640.020 GC heap before
{Heap before GC invocations=688 (full 8):
 def new generation   total 29504K, used 28550K [0x102e0000, 0x122e0000, 0x122e0000)
  eden space 26240K, 100% used [0x102e0000, 0x11c80000, 0x11c80000)
  from space 3264K,  70% used [0x11c80000, 0x11ec1958, 0x11fb0000)
  to   space 3264K,   0% used [0x11fb0000, 0x11fb0000, 0x122e0000)
 tenured generation   total 98304K, used 91510K [0x122e0000, 0x182e0000, 0x182e0000)
   the space 98304K,  93% used [0x122e0000, 0x17c3daf0, 0x17c3dc00, 0x182e0000)
 compacting perm gen  total 37888K, used 37752K [0x182e0000, 0x1a7e0000, 0x1e2e0000)
   the space 37888K,  99% used [0x182e0000, 0x1a7be210, 0x1a7be400, 0x1a7e0000)
No shared spaces configured.
Event: 3640.028 GC heap after
Heap after GC invocations=689 (full 8):
 def new generation   total 29504K, used 2939K [0x102e0000, 0x122e0000, 0x122e0000)
  eden space 26240K,   0% used [0x102e0000, 0x102e0000, 0x11c80000)
  from space 3264K,  90% used [0x11fb0000, 0x1228ed08, 0x122e0000)
  to   space 3264K,   0% used [0x11c80000, 0x11c80000, 0x11fb0000)
 tenured generation   total 98304K, used 93413K [0x122e0000, 0x182e0000, 0x182e0000)
   the space 98304K,  95% used [0x122e0000, 0x17e19788, 0x17e19800, 0x182e0000)
 compacting perm gen  total 37888K, used 37752K [0x182e0000, 0x1a7e0000, 0x1e2e0000)
   the space 37888K,  99% used [0x182e0000, 0x1a7be210, 0x1a7be400, 0x1a7e0000)
No shared spaces configured.
}
Event: 3669.317 GC heap before
{Heap before GC invocations=689 (full 8):
 def new generation   total 29504K, used 29179K [0x102e0000, 0x122e0000, 0x122e0000)
  eden space 26240K, 100% used [0x102e0000, 0x11c80000, 0x11c80000)
  from space 3264K,  90% used [0x11fb0000, 0x1228ed08, 0x122e0000)
  to   space 3264K,   0% used [0x11c80000, 0x11c80000, 0x11fb0000)
 tenured generation   total 98304K, used 93413K [0x122e0000, 0x182e0000, 0x182e0000)
   the space 98304K,  95% used [0x122e0000, 0x17e19788, 0x17e19800, 0x182e0000)
 compacting perm gen  total 37888K, used 37752K [0x182e0000, 0x1a7e0000, 0x1e2e0000)
   the space 37888K,  99% used [0x182e0000, 0x1a7be220, 0x1a7be400, 0x1a7e0000)
No shared spaces configured.
Event: 3669.322 GC heap after
Heap after GC invocations=690 (full 8):
 def new generation   total 29504K, used 277K [0x102e0000, 0x122e0000, 0x122e0000)
  eden space 26240K,   0% used [0x102e0000, 0x102e0000, 0x11c80000)
  from space 3264K,   8% used [0x11c80000, 0x11cc55b0, 0x11fb0000)
  to   space 3264K,   0% used [0x11fb0000, 0x11fb0000, 0x122e0000)
 tenured generation   total 98304K, used 96289K [0x122e0000, 0x182e0000, 0x182e0000)
   the space 98304K,  97% used [0x122e0000, 0x180e85c0, 0x180e8600, 0x182e0000)
 compacting perm gen  total 37888K, used 37752K [0x182e0000, 0x1a7e0000, 0x1e2e0000)
   the space 37888K,  99% used [0x182e0000, 0x1a7be220, 0x1a7be400, 0x1a7e0000)
No shared spaces configured.
}
Event: 3674.071 GC heap before
{Heap before GC invocations=690 (full 8):
 def new generation   total 29504K, used 26517K [0x102e0000, 0x122e0000, 0x122e0000)
  eden space 26240K, 100% used [0x102e0000, 0x11c80000, 0x11c80000)
  from space 3264K,   8% used [0x11c80000, 0x11cc55b0, 0x11fb0000)
  to   space 3264K,   0% used [0x11fb0000, 0x11fb0000, 0x122e0000)
 tenured generation   total 98304K, used 96289K [0x122e0000, 0x182e0000, 0x182e0000)
   the space 98304K,  97% used [0x122e0000, 0x180e85c0, 0x180e8600, 0x182e0000)
 compacting perm gen  total 37888K, used 37752K [0x182e0000, 0x1a7e0000, 0x1e2e0000)
   the space 37888K,  99% used [0x182e0000, 0x1a7be230, 0x1a7be400, 0x1a7e0000)
No shared spaces configured.
Event: 3674.256 GC heap after
Heap after GC invocations=691 (full 9):
 def new generation   total 29504K, used 0K [0x102e0000, 0x122e0000, 0x122e0000)
  eden space 26240K,   0% used [0x102e0000, 0x102e0000, 0x11c80000)
  from space 3264K,   0% used [0x11c80000, 0x11c80000, 0x11fb0000)
  to   space 3264K,   0% used [0x11fb0000, 0x11fb0000, 0x122e0000)
 tenured generation   total 98304K, used 70234K [0x122e0000, 0x182e0000, 0x182e0000)
   the space 98304K,  71% used [0x122e0000, 0x16776b00, 0x16776c00, 0x182e0000)
 compacting perm gen  total 37888K, used 37752K [0x182e0000, 0x1a7e0000, 0x1e2e0000)
   the space 37888K,  99% used [0x182e0000, 0x1a7be230, 0x1a7be400, 0x1a7e0000)
No shared spaces configured.
}
Event: 3681.498 GC heap before
{Heap before GC invocations=691 (full 9):
 def new generation   total 29504K, used 26240K [0x102e0000, 0x122e0000, 0x122e0000)
  eden space 26240K, 100% used [0x102e0000, 0x11c80000, 0x11c80000)
  from space 3264K,   0% used [0x11c80000, 0x11c80000, 0x11fb0000)
  to   space 3264K,   0% used [0x11fb0000, 0x11fb0000, 0x122e0000)
 tenured generation   total 98304K, used 70234K [0x122e0000, 0x182e0000, 0x182e0000)
   the space 98304K,  71% used [0x122e0000, 0x16776b00, 0x16776c00, 0x182e0000)
 compacting perm gen  total 37888K, used 37752K [0x182e0000, 0x1a7e0000, 0x1e2e0000)
   the space 37888K,  99% used [0x182e0000, 0x1a7be240, 0x1a7be400, 0x1a7e0000)
No shared spaces configured.
Event: 3681.502 GC heap after
Heap after GC invocations=692 (full 9):
 def new generation   total 29504K, used 133K [0x102e0000, 0x122e0000, 0x122e0000)
  eden space 26240K,   0% used [0x102e0000, 0x102e0000, 0x11c80000)
  from space 3264K,   4% used [0x11fb0000, 0x11fd14f8, 0x122e0000)
  to   space 3264K,   0% used [0x11c80000, 0x11c80000, 0x11fb0000)
 tenured generation   total 98304K, used 70234K [0x122e0000, 0x182e0000, 0x182e0000)
   the space 98304K,  71% used [0x122e0000, 0x16776b00, 0x16776c00, 0x182e0000)
 compacting perm gen  total 37888K, used 37752K [0x182e0000, 0x1a7e0000, 0x1e2e0000)
   the space 37888K,  99% used [0x182e0000, 0x1a7be240, 0x1a7be400, 0x1a7e0000)
No shared spaces configured.
}
Event: 3687.135 GC heap before
{Heap before GC invocations=692 (full 9):
 def new generation   total 29504K, used 26373K [0x102e0000, 0x122e0000, 0x122e0000)
  eden space 26240K, 100% used [0x102e0000, 0x11c80000, 0x11c80000)
  from space 3264K,   4% used [0x11fb0000, 0x11fd14f8, 0x122e0000)
  to   space 3264K,   0% used [0x11c80000, 0x11c80000, 0x11fb0000)
 tenured generation   total 98304K, used 70234K [0x122e0000, 0x182e0000, 0x182e0000)
   the space 98304K,  71% used [0x122e0000, 0x16776b00, 0x16776c00, 0x182e0000)
 compacting perm gen  total 37888K, used 37752K [0x182e0000, 0x1a7e0000, 0x1e2e0000)
   the space 37888K,  99% used [0x182e0000, 0x1a7be240, 0x1a7be400, 0x1a7e0000)
No shared spaces configured.
Event: 3687.139 GC heap after
Heap after GC invocations=693 (full 9):
 def new generation   total 29504K, used 534K [0x102e0000, 0x122e0000, 0x122e0000)
  eden space 26240K,   0% used [0x102e0000, 0x102e0000, 0x11c80000)
  from space 3264K,  16% used [0x11c80000, 0x11d05b40, 0x11fb0000)
  to   space 3264K,   0% used [0x11fb0000, 0x11fb0000, 0x122e0000)
 tenured generation   total 98304K, used 70234K [0x122e0000, 0x182e0000, 0x182e0000)
   the space 98304K,  71% used [0x122e0000, 0x16776b00, 0x16776c00, 0x182e0000)
 compacting perm gen  total 37888K, used 37752K [0x182e0000, 0x1a7e0000, 0x1e2e0000)
   the space 37888K,  99% used [0x182e0000, 0x1a7be240, 0x1a7be400, 0x1a7e0000)
No shared spaces configured.
}

